<?xml version="1.0" encoding="UTF-8"?>
<testng-results ignored="0" total="1" passed="1" failed="0" skipped="0">
  <reporter-output>
  </reporter-output>
  <suite started-at="2023-10-01T19:38:06Z" name="Default suite" finished-at="2023-10-01T19:38:10Z" duration-ms="3263">
    <groups>
    </groups>
    <test started-at="2023-10-01T19:38:06Z" name="Default test" finished-at="2023-10-01T19:38:10Z" duration-ms="3263">
      <class name="pruebaSelenium.NewTest">
        <test-method signature="f()[pri:0, instance:pruebaSelenium.NewTest@303cf2ba]" started-at="2023-10-01T13:38:06Z" name="f" finished-at="2023-10-01T13:38:10Z" duration-ms="3250" status="PASS">
          <reporter-output>
          </reporter-output>
        </test-method> <!-- f -->
      </class> <!-- pruebaSelenium.NewTest -->
    </test> <!-- Default test -->
  </suite> <!-- Default suite -->
</testng-results>
